[www.cesxcstudio.com/index.html]
[backblue.gif]
[fade.gif]
[index.html]
[uploads-ssl.webflow.com/604e45bd21701352c1131f56/css/cesxc-55efbd.webflow.99cf77723.css]
[ajax.googleapis.com/ajax/libs/webfont/1.6.26/webfont.js]
[uploads-ssl.webflow.com/604e45bd21701352c1131f56/604e45bd21701381eb131fad_Frame 6.png]
[uploads-ssl.webflow.com/604e45bd21701352c1131f56/604e45bd2170133c00131fae_Frame 7.png]
[uploads-ssl.webflow.com/604e45bd21701352c1131f56/604e45bd217013476e131fa0_gif.gif]
[uploads-ssl.webflow.com/604e45bd21701352c1131f56/604e45bd2170137440131fa2_ezhel_optimized.jpg]
[uploads-ssl.webflow.com/604e45bd21701352c1131f56/604e45bd217013bf62131f7c_1_M.jpg]
[uploads-ssl.webflow.com/604e45bd21701352c1131f56/604e45bd217013b14f131fa3_ben-fero-1_optimized.jpg]
[uploads-ssl.webflow.com/604e45bd21701352c1131f56/604e45bd2170135e3d131fa7_bege_optimized.jpg]
[uploads-ssl.webflow.com/604e45bd21701352c1131f56/604e45bd2170137666131f87_1.jpg]
[uploads-ssl.webflow.com/604e45bd21701352c1131f56/604e45bd2170130cce131fa5_mero_optimized.jpg]
[uploads-ssl.webflow.com/604e45bd21701352c1131f56/604e45bd2170135569131f89_12.jpg]
[uploads-ssl.webflow.com/604e45bd21701352c1131f56/604e45bd21701310b0131fa4_elanur_optimized.jpg]
[uploads-ssl.webflow.com/604e45bd21701352c1131f56/604e45bd2170138c36131f7f_38.jpg]
[uploads-ssl.webflow.com/604e45bd21701352c1131f56/604e45bd21701379a7131fa6_seda-erciyes_optimized.jpg]
[uploads-ssl.webflow.com/604e45bd21701352c1131f56/604e45bd2170134786131f88_10.jpg]
[uploads-ssl.webflow.com/604e45bd21701352c1131f56/604e45bd217013f4cf131f70_12_12.jpg]
[uploads-ssl.webflow.com/604e45bd21701352c1131f56/604e45bd2170133d2c131f6d_15.jpg]
[uploads-ssl.webflow.com/604e45bd21701352c1131f56/604e45bd2170135b05131f6b_13_13.jpg]
[uploads-ssl.webflow.com/604e45bd21701352c1131f56/604e45bd2170134691131f8c_16_16.jpg]
[uploads-ssl.webflow.com/604e45bd21701352c1131f56/604e45bd21701318fd131f82_6.jpg]
[uploads-ssl.webflow.com/604e45bd21701352c1131f56/604e45bd217013d128131f71_9733.jpg]
[uploads-ssl.webflow.com/604e45bd21701352c1131f56/604e45bd2170135b01131f74_5.jpg]
[uploads-ssl.webflow.com/604e45bd21701352c1131f56/604e45bd217013e508131f72_MC-1.jpg]
[uploads-ssl.webflow.com/604e45bd21701352c1131f56/604e45bd2170132db9131f79_5_P.jpg]
[uploads-ssl.webflow.com/604e45bd21701352c1131f56/604e45bd217013662f131f91_tel.png]
[uploads-ssl.webflow.com/604e45bd21701352c1131f56/604e45bd217013513e131f98_Logo_NIKE-min.png]
[uploads-ssl.webflow.com/604e45bd21701352c1131f56/604e45bd2170134724131f99_Mercedes-Benz_free_logo-min.png]
[uploads-ssl.webflow.com/604e45bd21701352c1131f56/604e45bd217013aabf131f9e_les 1-min.png]
[uploads-ssl.webflow.com/604e45bd21701352c1131f56/604e45bd2170131572131f9d_image 3-min.png]
[uploads-ssl.webflow.com/604e45bd21701352c1131f56/604e45bd21701312ea131f9b_Wun 1-min.png]
[uploads-ssl.webflow.com/604e45bd21701352c1131f56/604e45bd217013bbe1131f9f_Mask Group-min.png]
[uploads-ssl.webflow.com/604e45bd21701352c1131f56/604e45bd217013704e131f9a_Halk 1-min.png]
[uploads-ssl.webflow.com/604e45bd21701352c1131f56/604e45bd2170139354131f9c_Screen Shot 2021-02-13 at 16.33-min.png]
[static.elfsight.com/platform/platform.js]
[external.html]
[uploads-ssl.webflow.com/604e45bd21701352c1131f56/604fa48b5407d651e3a786b4_C2-min.jpg]
[d3e54v103j8qbb.cloudfront.net/js/jquery-3.5.1.min.dc5e7f18c8d7d3.js]
[www.cesxcstudio.com/index.html]
[uploads-ssl.webflow.com/604e45bd21701352c1131f56/js/webflow.0cc088e13.js]
[uploads-ssl.webflow.com/604e45bd21701352c1131f56/604e45bd217013d963131f94_holo.jpg]
[uploads-ssl.webflow.com/604e45bd21701352c1131f56/css/cesxc-55efbd.webflow.99cf77723.css]
[uploads-ssl.webflow.com/604e45bd21701352c1131f56/604e45bd217013478e131f6a_5ffddb954a49ee060a580d5a_ezgif.com-gif-maker.gif]
